<?xml version="1.0" encoding="UTF-8"?>
<!-- Generated by org.testng.reporters.JUnitXMLReporter -->
<testsuite hostname="DESKTOP-99DE6OF" ignored="1" name="ChromeTest" tests="1" failures="1" timestamp="11 Jul 2018 17:39:04 GMT" time="34.739" errors="0">
  <testcase name="filterByStarGrade" time="15.963" classname="tests.CarTest">
    <failure type="java.lang.AssertionError" message="expected [true] but found [false]">
      <![CDATA[java.lang.AssertionError: expected [true] but found [false]
at tests.CarTest.filterByStarGrade(CarTest.java:54)
... Removed 29 stack frames]]>
    </failure>
  </testcase> <!-- filterByStarGrade -->
  <testcase name="showCarsMap" time="0.0" classname="tests.CarTest">
    <ignored/>
  </testcase> <!-- showCarsMap -->
</testsuite> <!-- ChromeTest -->
