<?xml version="1.0" encoding="UTF-8"?>
<!-- Generated by org.testng.reporters.JUnitXMLReporter -->
<testsuite hostname="DESKTOP-99DE6OF" ignored="0" name="ChromeTest" tests="1" failures="1" timestamp="10 Jul 2018 20:17:01 GMT" time="15.295" errors="0">
  <testcase name="displayDetails" time="5.054" classname="tests.FlightTest">
    <failure type="java.lang.AssertionError" message="expected [true] but found [false]">
      <![CDATA[java.lang.AssertionError: expected [true] but found [false]
at tests.FlightTest.displayDetails(FlightTest.java:39)
... Removed 29 stack frames]]>
    </failure>
  </testcase> <!-- displayDetails -->
</testsuite> <!-- ChromeTest -->
