<?xml version="1.0" encoding="UTF-8"?>
<!-- Generated by org.testng.reporters.JUnitXMLReporter -->
<testsuite hostname="DESKTOP-99DE6OF" ignored="1" name="ChromeTest" tests="1" failures="1" timestamp="12 Jul 2018 15:00:00 GMT" time="38.83" errors="0">
  <testcase name="removeApplicant" time="11.622" classname="tests.VisaTest">
    <failure type="java.lang.AssertionError" message="Applicant isn&amp;apos;t removed expected [2] but found [1]">
      <![CDATA[java.lang.AssertionError: Applicant isn't removed expected [2] but found [1]
at tests.VisaTest.removeApplicant(VisaTest.java:58)
... Removed 30 stack frames]]>
    </failure>
  </testcase> <!-- removeApplicant -->
  <testcase name="payUsingPaypal" time="0.0" classname="tests.VisaTest">
    <ignored/>
  </testcase> <!-- payUsingPaypal -->
</testsuite> <!-- ChromeTest -->
