<?xml version="1.0" encoding="UTF-8"?>
<!-- Generated by org.testng.reporters.JUnitXMLReporter -->
<testsuite hostname="DESKTOP-99DE6OF" ignored="3" name="ChromeTest" tests="1" failures="0" timestamp="12 Jul 2018 17:48:08 GMT" time="68.515" errors="0">
  <testcase name="AddHotelToWishList" time="52.416" classname="tests.HotelTest"/>
  <testcase name="validateCheckIn_CheckOutDays" time="0.0" classname="tests.HotelTest">
    <ignored/>
  </testcase> <!-- validateCheckIn_CheckOutDays -->
  <testcase name="filterByMultipleProperties" time="0.0" classname="tests.HotelTest">
    <ignored/>
  </testcase> <!-- filterByMultipleProperties -->
  <testcase name="filterByProperty" time="0.0" classname="tests.HotelTest">
    <ignored/>
  </testcase> <!-- filterByProperty -->
</testsuite> <!-- ChromeTest -->
