<?xml version="1.0" encoding="UTF-8"?>
<testng-results skipped="0" failed="0" ignored="0" total="1" passed="1">
  <reporter-output>
  </reporter-output>
  <suite name="Suite" duration-ms="17223" started-at="2018-07-06T20:24:44Z" finished-at="2018-07-06T20:25:01Z">
    <groups>
    </groups>
    <test name="ChromeTest" duration-ms="17223" started-at="2018-07-06T20:24:44Z" finished-at="2018-07-06T20:25:01Z">
      <class name="tests.LoginTest">
        <test-method status="PASS" signature="initializeTestBaseSetup(java.lang.String, java.lang.String)[pri:0, instance:tests.LoginTest@1d057a39]" name="initializeTestBaseSetup" is-config="true" duration-ms="8118" started-at="2018-07-06T20:24:44Z" finished-at="2018-07-06T20:24:52Z">
          <params>
            <param index="0">
              <value>
                <![CDATA[chrome]]>
              </value>
            </param>
            <param index="1">
              <value>
                <![CDATA[https://www.phptravels.net/login]]>
              </value>
            </param>
          </params>
          <reporter-output>
          </reporter-output>
        </test-method> <!-- initializeTestBaseSetup -->
        <test-method status="PASS" signature="setUp()[pri:0, instance:tests.LoginTest@1d057a39]" name="setUp" is-config="true" duration-ms="1" started-at="2018-07-06T20:24:52Z" finished-at="2018-07-06T20:24:52Z">
          <reporter-output>
          </reporter-output>
        </test-method> <!-- setUp -->
        <test-method status="PASS" signature="CorrectLogin(java.lang.String, java.lang.String, java.lang.String)[pri:0, instance:tests.LoginTest@1d057a39]" name="CorrectLogin" duration-ms="6753" started-at="2018-07-06T20:24:52Z" data-provider="loginAuthentication" finished-at="2018-07-06T20:24:59Z">
          <params>
            <param index="0">
              <value>
                <![CDATA[user@phptravels.com]]>
              </value>
            </param>
            <param index="1">
              <value>
                <![CDATA[demouser]]>
              </value>
            </param>
            <param index="2">
              <value>
                <![CDATA[https://www.phptravels.net/account/]]>
              </value>
            </param>
          </params>
          <reporter-output>
          </reporter-output>
        </test-method> <!-- CorrectLogin -->
        <test-method status="PASS" signature="CloseWindow()[pri:0, instance:tests.LoginTest@1d057a39]" name="CloseWindow" is-config="true" duration-ms="2323" started-at="2018-07-06T20:24:59Z" finished-at="2018-07-06T20:25:01Z">
          <reporter-output>
          </reporter-output>
        </test-method> <!-- CloseWindow -->
      </class> <!-- tests.LoginTest -->
    </test> <!-- ChromeTest -->
  </suite> <!-- Suite -->
</testng-results>
