<?xml version="1.0" encoding="UTF-8"?>
<testng-results skipped="0" failed="0" ignored="0" total="1" passed="1">
  <reporter-output>
  </reporter-output>
  <suite name="Suite" duration-ms="14905" started-at="2018-08-07T18:01:12Z" finished-at="2018-08-07T18:01:27Z">
    <groups>
    </groups>
    <test name="ChromeTest" duration-ms="14905" started-at="2018-08-07T18:01:12Z" finished-at="2018-08-07T18:01:27Z">
      <class name="tests.BlogTest">
        <test-method status="PASS" signature="initializeTestBaseSetup(java.lang.String, java.lang.String)[pri:0, instance:tests.BlogTest@4b9e13df]" name="initializeTestBaseSetup" is-config="true" duration-ms="10364" started-at="2018-08-07T18:01:12Z" finished-at="2018-08-07T18:01:23Z">
          <params>
            <param index="0">
              <value>
                <![CDATA[chrome]]>
              </value>
            </param>
            <param index="1">
              <value>
                <![CDATA[https://www.phptravels.net]]>
              </value>
            </param>
          </params>
          <reporter-output>
          </reporter-output>
        </test-method> <!-- initializeTestBaseSetup -->
        <test-method status="PASS" signature="setUp()[pri:0, instance:tests.BlogTest@4b9e13df]" name="setUp" is-config="true" duration-ms="0" started-at="2018-08-07T18:01:23Z" finished-at="2018-08-07T18:01:23Z">
          <reporter-output>
          </reporter-output>
        </test-method> <!-- setUp -->
        <test-method status="PASS" signature="NoResultsFound()[pri:0, instance:tests.BlogTest@4b9e13df]" name="NoResultsFound" duration-ms="4524" started-at="2018-08-07T18:01:23Z" finished-at="2018-08-07T18:01:27Z">
          <reporter-output>
          </reporter-output>
        </test-method> <!-- NoResultsFound -->
        <test-method status="PASS" signature="CloseWindow()[pri:0, instance:tests.BlogTest@4b9e13df]" name="CloseWindow" is-config="true" duration-ms="0" started-at="2018-08-07T18:01:27Z" finished-at="2018-08-07T18:01:27Z">
          <reporter-output>
          </reporter-output>
        </test-method> <!-- CloseWindow -->
      </class> <!-- tests.BlogTest -->
    </test> <!-- ChromeTest -->
  </suite> <!-- Suite -->
</testng-results>
